mode: atomic
/home/southpaw/southwander/work/actyv_project/doc-back/auth/entity.go:12.58,15.16 2 4
/home/southpaw/southwander/work/actyv_project/doc-back/auth/entity.go:19.2,27.16 6 3
/home/southpaw/southwander/work/actyv_project/doc-back/auth/entity.go:15.16,18.3 2 1
/home/southpaw/southwander/work/actyv_project/doc-back/auth/entity.go:27.16,28.29 1 2
/home/southpaw/southwander/work/actyv_project/doc-back/auth/entity.go:28.29,30.4 1 2
/home/southpaw/southwander/work/actyv_project/doc-back/auth/entity.go:30.9,33.4 2 0
/home/southpaw/southwander/work/actyv_project/doc-back/auth/entity.go:34.8,36.3 1 1
/home/southpaw/southwander/work/actyv_project/doc-back/auth/entity.go:39.48,42.16 2 4
/home/southpaw/southwander/work/actyv_project/doc-back/auth/entity.go:46.2,54.16 6 4
/home/southpaw/southwander/work/actyv_project/doc-back/auth/entity.go:57.2,57.18 1 4
/home/southpaw/southwander/work/actyv_project/doc-back/auth/entity.go:42.16,45.3 2 0
/home/southpaw/southwander/work/actyv_project/doc-back/auth/entity.go:54.16,56.3 1 2
/home/southpaw/southwander/work/actyv_project/doc-back/auth/interactor.go:18.51,28.16 5 1
/home/southpaw/southwander/work/actyv_project/doc-back/auth/interactor.go:31.2,31.25 1 1
/home/southpaw/southwander/work/actyv_project/doc-back/auth/interactor.go:28.16,30.3 1 0
/home/southpaw/southwander/work/actyv_project/doc-back/auth/interactor.go:34.63,36.83 1 2
/home/southpaw/southwander/work/actyv_project/doc-back/auth/interactor.go:43.2,43.16 1 2
/home/southpaw/southwander/work/actyv_project/doc-back/auth/interactor.go:47.2,47.67 1 1
/home/southpaw/southwander/work/actyv_project/doc-back/auth/interactor.go:36.83,37.58 1 1
/home/southpaw/southwander/work/actyv_project/doc-back/auth/interactor.go:40.3,41.31 2 1
/home/southpaw/southwander/work/actyv_project/doc-back/auth/interactor.go:37.58,39.4 1 0
/home/southpaw/southwander/work/actyv_project/doc-back/auth/interactor.go:43.16,46.3 2 1
/home/southpaw/southwander/work/actyv_project/doc-back/auth/interactor.go:47.67,48.83 1 1
/home/southpaw/southwander/work/actyv_project/doc-back/auth/interactor.go:48.83,50.4 1 1
/home/southpaw/southwander/work/actyv_project/doc-back/auth/interactor.go:50.9,52.4 1 0
/home/southpaw/southwander/work/actyv_project/doc-back/auth/interactor.go:53.8,56.3 2 0
/home/southpaw/southwander/work/actyv_project/doc-back/auth/interactor.go:59.63,62.16 2 2
/home/southpaw/southwander/work/actyv_project/doc-back/auth/interactor.go:67.2,67.101 1 1
/home/southpaw/southwander/work/actyv_project/doc-back/auth/interactor.go:62.16,65.3 2 1
/home/southpaw/southwander/work/actyv_project/doc-back/auth/interactor.go:67.101,71.3 3 0
/home/southpaw/southwander/work/actyv_project/doc-back/auth/interactor.go:71.8,72.20 1 1
/home/southpaw/southwander/work/actyv_project/doc-back/auth/interactor.go:72.20,74.4 1 1
/home/southpaw/southwander/work/actyv_project/doc-back/auth/interactor.go:74.9,78.4 3 0
/home/southpaw/southwander/work/actyv_project/doc-back/auth/interactor.go:81.55,83.20 1 3
/home/southpaw/southwander/work/actyv_project/doc-back/auth/interactor.go:83.20,85.3 1 1
/home/southpaw/southwander/work/actyv_project/doc-back/auth/interactor.go:85.8,85.97 1 2
/home/southpaw/southwander/work/actyv_project/doc-back/auth/interactor.go:85.97,87.3 1 0
/home/southpaw/southwander/work/actyv_project/doc-back/auth/interactor.go:87.8,90.3 2 2
/home/southpaw/southwander/work/actyv_project/doc-back/auth/interactor.go:92.63,94.16 2 2
/home/southpaw/southwander/work/actyv_project/doc-back/auth/interactor.go:97.2,97.18 1 2
/home/southpaw/southwander/work/actyv_project/doc-back/auth/interactor.go:94.16,96.3 1 0
/home/southpaw/southwander/work/actyv_project/doc-back/auth/boundary.go:14.51,16.2 1 1
/home/southpaw/southwander/work/actyv_project/doc-back/auth/boundary.go:17.63,19.2 1 2
/home/southpaw/southwander/work/actyv_project/doc-back/auth/boundary.go:20.56,22.2 1 2
/home/southpaw/southwander/work/actyv_project/doc-back/auth/boundary.go:23.55,25.2 1 3
